[debug] [2023-03-23T10:29:17.349Z] ----------------------------------------------------------------------
[debug] [2023-03-23T10:29:17.353Z] Command:       C:\Program Files\nodejs\node.exe C:\Users\Vishal Putluri\AppData\Roaming\npm\node_modules\firebase-tools\lib\bin\firebase.js init
[debug] [2023-03-23T10:29:17.354Z] CLI Version:   11.25.1
[debug] [2023-03-23T10:29:17.355Z] Platform:      win32
[debug] [2023-03-23T10:29:17.355Z] Node Version:  v18.15.0
[debug] [2023-03-23T10:29:17.357Z] Time:          Thu Mar 23 2023 10:29:17 GMT+0000 (Greenwich Mean Time)
[debug] [2023-03-23T10:29:17.357Z] ----------------------------------------------------------------------
[debug] 
[debug] [2023-03-23T10:29:17.374Z] > command requires scopes: ["email","openid","https://www.googleapis.com/auth/cloudplatformprojects.readonly","https://www.googleapis.com/auth/firebase","https://www.googleapis.com/auth/cloud-platform"]
[debug] [2023-03-23T10:29:17.375Z] > authorizing via signed-in user (s.putluri@eagles.oc.edu)
[info] 
     ######## #### ########  ######## ########     ###     ######  ########
     ##        ##  ##     ## ##       ##     ##  ##   ##  ##       ##
     ######    ##  ########  ######   ########  #########  ######  ######
     ##        ##  ##    ##  ##       ##     ## ##     ##       ## ##
     ##       #### ##     ## ######## ########  ##     ##  ######  ########

You're about to initialize a Firebase project in this directory:

  C:\Users\Vishal Putluri\angular-firebase-hosting

[info] 
=== Project Setup
[info] 
[info] First, let's associate this project directory with a Firebase project.
[info] You can create multiple project aliases by running firebase use --add, 
[info] but for now we'll just set up a default project.
[info] 
[debug] [2023-03-23T10:30:26.599Z] >>> [apiv2][query] GET https://firebase.googleapis.com/v1beta1/projects pageSize=100
[debug] [2023-03-23T10:30:27.812Z] <<< [apiv2][status] GET https://firebase.googleapis.com/v1beta1/projects 200
[debug] [2023-03-23T10:30:27.812Z] <<< [apiv2][body] GET https://firebase.googleapis.com/v1beta1/projects [omitted]
[info] i  Using project fir-test-application-ecd1a (Firebase Test Application) 
[info] 
=== Database Setup
[info] i  database: ensuring required API firebasedatabase.googleapis.com is enabled... 
[debug] [2023-03-23T10:30:35.590Z] >>> [apiv2][query] GET https://serviceusage.googleapis.com/v1/projects/fir-test-application-ecd1a/services/firebasedatabase.googleapis.com [none]
[debug] [2023-03-23T10:30:35.590Z] >>> [apiv2][(partial)header] GET https://serviceusage.googleapis.com/v1/projects/fir-test-application-ecd1a/services/firebasedatabase.googleapis.com x-goog-quota-user=projects/fir-test-application-ecd1a
[debug] [2023-03-23T10:30:37.728Z] <<< [apiv2][status] GET https://serviceusage.googleapis.com/v1/projects/fir-test-application-ecd1a/services/firebasedatabase.googleapis.com 200
[debug] [2023-03-23T10:30:37.729Z] <<< [apiv2][body] GET https://serviceusage.googleapis.com/v1/projects/fir-test-application-ecd1a/services/firebasedatabase.googleapis.com [omitted]
[info] +  database: required API firebasedatabase.googleapis.com is enabled 
[info] 
[debug] [2023-03-23T10:30:37.733Z] >>> [apiv2][query] GET https://firebasedatabase.googleapis.com/v1beta/projects/fir-test-application-ecd1a/locations/-/instances/fir-test-application-ecd1a-default-rtdb [none]
[debug] [2023-03-23T10:30:38.615Z] <<< [apiv2][status] GET https://firebasedatabase.googleapis.com/v1beta/projects/fir-test-application-ecd1a/locations/-/instances/fir-test-application-ecd1a-default-rtdb 200
[debug] [2023-03-23T10:30:38.615Z] <<< [apiv2][body] GET https://firebasedatabase.googleapis.com/v1beta/projects/fir-test-application-ecd1a/locations/-/instances/fir-test-application-ecd1a-default-rtdb {"name":"projects/929060027515/locations/us-central1/instances/fir-test-application-ecd1a-default-rtdb","project":"projects/929060027515","databaseUrl":"https://fir-test-application-ecd1a-default-rtdb.firebaseio.com","type":"DEFAULT_DATABASE","state":"ACTIVE"}
[info] 
[info] Firebase Realtime Database Security Rules allow you to define how your data should be
[info] structured and when your data can be read from and written to.
[info] 
[debug] [2023-03-23T10:31:57.453Z] >>> [apiv2][query] GET https://fir-test-application-ecd1a-default-rtdb.firebaseio.com/.settings/rules.json [none]
[debug] [2023-03-23T10:31:58.449Z] <<< [apiv2][status] GET https://fir-test-application-ecd1a-default-rtdb.firebaseio.com/.settings/rules.json 200
[debug] [2023-03-23T10:31:58.449Z] <<< [apiv2][body] GET https://fir-test-application-ecd1a-default-rtdb.firebaseio.com/.settings/rules.json [stream]
[info] +  Database Rules for fir-test-application-ecd1a-default-rtdb have been written to database.rules.json. 
[info] Future modifications to database.rules.json will update Realtime Database Security Rules when you run
[info] firebase deploy.
[info] 
=== Hosting Setup
[info] 
[info] Your public directory is the folder (relative to your project directory) that
[info] will contain Hosting assets to be uploaded with firebase deploy. If you
[info] have a build process for your assets, use your build's output directory.
[info] 
[debug] [2023-03-23T10:32:38.273Z] >>> [apiv2][query] GET https://www.gstatic.com/firebasejs/releases.json [none]
[debug] [2023-03-23T10:32:38.461Z] <<< [apiv2][status] GET https://www.gstatic.com/firebasejs/releases.json 200
[debug] [2023-03-23T10:32:38.461Z] <<< [apiv2][body] GET https://www.gstatic.com/firebasejs/releases.json {"current":{"version":"9.18.0","browserURL":"https://www.gstatic.com/firebasejs/9.18.0/firebase.js","packageURL":"https://www.gstatic.com/firebasejs/9.18.0/firebase.tgz"},"live":{"version":"9.18","browserURL":"https://www.gstatic.com/firebasejs/live/9.18/firebase.js","packageURL":"https://www.gstatic.com/firebasejs/live/9.18/firebase.tgz"},"components":{"analytics":"https://www.gstatic.com/firebasejs/9.18.0/firebase-analytics.js","app":"https://www.gstatic.com/firebasejs/9.18.0/firebase-app.js","app-check":"https://www.gstatic.com/firebasejs/9.18.0/firebase-app-check.js","auth":"https://www.gstatic.com/firebasejs/9.18.0/firebase-auth.js","auth/cordova":"https://www.gstatic.com/firebasejs/9.18.0/firebase-auth/cordova.js","auth/react-native":"https://www.gstatic.com/firebasejs/9.18.0/firebase-auth/react-native.js","functions":"https://www.gstatic.com/firebasejs/9.18.0/firebase-functions.js","firestore":"https://www.gstatic.com/firebasejs/9.18.0/firebase-firestore.js","firestore/lite":"https://www.gstatic.com/firebasejs/9.18.0/firebase-firestore/lite.js","installations":"https://www.gstatic.com/firebasejs/9.18.0/firebase-installations.js","storage":"https://www.gstatic.com/firebasejs/9.18.0/firebase-storage.js","performance":"https://www.gstatic.com/firebasejs/9.18.0/firebase-performance.js","remote-config":"https://www.gstatic.com/firebasejs/9.18.0/firebase-remote-config.js","messaging":"https://www.gstatic.com/firebasejs/9.18.0/firebase-messaging.js","messaging/sw":"https://www.gstatic.com/firebasejs/9.18.0/firebase-messaging/sw.js","database":"https://www.gstatic.com/firebasejs/9.18.0/firebase-database.js","firestore.memory":"https://www.gstatic.com/firebasejs/9.18.0/firebase-firestore.memory.js"}}
[info] +  Wrote dist/angular-firebase-hosting/index.html 
[info] 
[info] i  Detected a .git folder at C:\Users\Vishal Putluri\angular-firebase-hosting 
[info] i  Authorizing with GitHub to upload your service account to a GitHub repository's secrets store. 
[info] 
[info] Visit this URL on this device to log in:
[info] https://github.com/login/oauth/authorize?client_id=89cf50f02ac6aaed3484&state=870398390&redirect_uri=http%3A%2F%2Flocalhost%3A9005&scope=read%3Auser%20repo%20public_repo
[info] 
[info] Waiting for authentication...
[debug] [2023-03-23T10:32:39.299Z] >>> [apiv2][query] POST https://github.com/login/oauth/access_token [none]
[debug] [2023-03-23T10:32:39.300Z] >>> [apiv2][body] POST https://github.com/login/oauth/access_token [stream]
[debug] [2023-03-23T10:32:39.735Z] <<< [apiv2][status] POST https://github.com/login/oauth/access_token 200
[debug] [2023-03-23T10:32:39.736Z] <<< [apiv2][body] POST https://github.com/login/oauth/access_token {"access_token":"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","token_type":"bearer","scope":"read:user,repo"}
[debug] [2023-03-23T10:32:39.763Z] >>> [apiv2][query] GET https://api.github.com/user [none]
[debug] [2023-03-23T10:32:40.322Z] <<< [apiv2][status] GET https://api.github.com/user 200
[debug] [2023-03-23T10:32:40.323Z] <<< [apiv2][body] GET https://api.github.com/user {"login":"vishalsputluri","id":117783006,"node_id":"U_kgDOBwU53g","avatar_url":"https://avatars.githubusercontent.com/u/117783006?v=4","gravatar_id":"","url":"https://api.github.com/users/vishalsputluri","html_url":"https://github.com/vishalsputluri","followers_url":"https://api.github.com/users/vishalsputluri/followers","following_url":"https://api.github.com/users/vishalsputluri/following{/other_user}","gists_url":"https://api.github.com/users/vishalsputluri/gists{/gist_id}","starred_url":"https://api.github.com/users/vishalsputluri/starred{/owner}{/repo}","subscriptions_url":"https://api.github.com/users/vishalsputluri/subscriptions","organizations_url":"https://api.github.com/users/vishalsputluri/orgs","repos_url":"https://api.github.com/users/vishalsputluri/repos","events_url":"https://api.github.com/users/vishalsputluri/events{/privacy}","received_events_url":"https://api.github.com/users/vishalsputluri/received_events","type":"User","site_admin":false,"name":null,"company":null,"blog":"","location":null,"email":null,"hireable":null,"bio":null,"twitter_username":null,"public_repos":4,"public_gists":0,"followers":0,"following":0,"created_at":"2022-11-08T22:47:08Z","updated_at":"2023-03-23T10:07:54Z","private_gists":0,"total_private_repos":0,"owned_private_repos":0,"disk_usage":4,"collaborators":0,"two_factor_authentication":false,"plan":{"name":"free","space":976562499,"collaborators":0,"private_repos":10000}}
[info] 
[info] +  Success! Logged into GitHub as vishalsputluri 
[info] 
